
> soft-computer@0.1.0 build
> next build

▲ Next.js 16.1.1 (Turbopack)
- Environments: .env.local

  Creating an optimized production build ...
✓ Compiled successfully in 1275.9ms
  Running TypeScript ...
  Collecting page data using 11 workers ...
  Generating static pages using 11 workers (0/12) ...
  Generating static pages using 11 workers (3/12) 
  Generating static pages using 11 workers (6/12) 
  Generating static pages using 11 workers (9/12) 
✓ Generating static pages using 11 workers (12/12) in 206.8ms
  Finalizing page optimization ...

Route (app)
┌ ○ /
├ ○ /_not-found
├ ƒ /api/blob
├ ƒ /api/concept-images
├ ƒ /api/images
├ ƒ /api/upload
├ ○ /log
├ ○ /punch
├ ○ /resources
└ ○ /timeline


○  (Static)   prerendered as static content
ƒ  (Dynamic)  server-rendered on demand

